<?xml version="1.0" encoding="UTF-8"?>
<!-- Generated by org.testng.reporters.JUnitReportReporter -->
<testsuite hostname="DESKTOP-ERNP0RN" failures="0" tests="1" name="tests.basic.LinearOldCode" time="26.764" errors="0" timestamp="27 מרץ 2022 00:29:29 GMT" skipped="0">
  <testcase classname="tests.basic.LinearOldCode" name="test" time="26.764"/>
</testsuite> <!-- tests.basic.LinearOldCode -->
