<?xml version="1.0" encoding="UTF-8"?>
<!-- Generated by org.testng.reporters.JUnitReportReporter -->
<testsuite hostname="MATAN-PC" failures="0" tests="1" name="tests.basic.PageObjectCode" time="29.950" errors="0" timestamp="30 מרץ 2022 12:38:39 GMT" skipped="0">
  <testcase classname="tests.basic.PageObjectCode" name="test" time="29.950"/>
</testsuite> <!-- tests.basic.PageObjectCode -->
